<?xml version="1.0" encoding="UTF-8"?>
<!-- Generated by org.testng.reporters.JUnitXMLReporter -->
<testsuite ignored="0" hostname="DESKTOP-RGRGGAD" failures="0" tests="9" name="Default test" time="46.954" errors="0" timestamp="2024-11-27T18:32:22 IST">
  <testcase classname="com.tests.Tests" name="homePage" time="2.79"/>
  <testcase classname="com.tests.Tests" name="revenueCalculatorPage" time="5.839"/>
  <testcase classname="com.tests.Tests" name="scrollToSliderSection" time="4.181"/>
  <testcase classname="com.tests.Tests" name="adjustSlider" time="8.624"/>
  <testcase classname="com.tests.Tests" name="updateTextField" time="1.462"/>
  <testcase classname="com.tests.Tests" name="validateSliderValue" time="1.258"/>
  <testcase classname="com.tests.Tests" name="selectCPTCodes" time="10.237"/>
  <testcase classname="com.tests.Tests" name="validateSelectedTotalRecurringReimbursement" time="0.041"/>
  <testcase classname="com.tests.Tests" name="validateAllTotalRecurringReimbursement" time="5.931"/>
</testsuite> <!-- Default test -->
